<?xml version="1.0" encoding="UTF-8"?>
<testng-results ignored="0" total="2" passed="2" failed="0" skipped="0">
  <reporter-output>
  </reporter-output>
  <suite started-at="2020-09-30T06:58:55Z" name="Default suite" finished-at="2020-09-30T06:59:14Z" duration-ms="18997">
    <groups>
    </groups>
    <test started-at="2020-09-30T06:58:55Z" name="Default test" finished-at="2020-09-30T06:59:14Z" duration-ms="18997">
      <class name="test.AddTest">
        <test-method is-config="true" signature="intialize()[pri:0, instance:test.AddTest@52e6fdee]" started-at="2020-09-30T12:28:41Z" name="intialize" finished-at="2020-09-30T12:28:55Z" duration-ms="13996" status="PASS">
          <reporter-output>
          </reporter-output>
        </test-method> <!-- intialize -->
        <test-method signature="login()[pri:0, instance:test.AddTest@52e6fdee]" started-at="2020-09-30T12:28:55Z" name="login" finished-at="2020-09-30T12:29:03Z" duration-ms="7585" status="PASS">
          <reporter-output>
          </reporter-output>
        </test-method> <!-- login -->
        <test-method signature="Add()[pri:1, instance:test.AddTest@52e6fdee]" started-at="2020-09-30T12:29:03Z" name="Add" finished-at="2020-09-30T12:29:14Z" duration-ms="11267" status="PASS">
          <reporter-output>
          </reporter-output>
        </test-method> <!-- Add -->
        <test-method is-config="true" signature="afterSuite()[pri:0, instance:test.AddTest@52e6fdee]" started-at="2020-09-30T12:29:14Z" name="afterSuite" finished-at="2020-09-30T12:29:17Z" duration-ms="2609" status="PASS">
          <reporter-output>
          </reporter-output>
        </test-method> <!-- afterSuite -->
      </class> <!-- test.AddTest -->
    </test> <!-- Default test -->
  </suite> <!-- Default suite -->
</testng-results>
