<?xml version="1.0" encoding="UTF-8"?>
<testng-results ignored="0" total="1" passed="1" failed="0" skipped="0">
  <reporter-output>
  </reporter-output>
  <suite started-at="2020-12-29T05:48:08Z" name="Default suite" finished-at="2020-12-29T05:48:39Z" duration-ms="31024">
    <groups>
    </groups>
    <test started-at="2020-12-29T05:48:08Z" name="Default test" finished-at="2020-12-29T05:48:39Z" duration-ms="31024">
      <class name="test.AddcartTest">
        <test-method is-config="true" signature="initialize()[pri:0, instance:test.AddcartTest@52e6fdee]" started-at="2020-12-29T11:17:29Z" name="initialize" finished-at="2020-12-29T11:18:08Z" duration-ms="39103" status="PASS">
          <reporter-output>
          </reporter-output>
        </test-method> <!-- initialize -->
        <test-method signature="addcart()[pri:0, instance:test.AddcartTest@52e6fdee]" started-at="2020-12-29T11:18:08Z" name="addcart" finished-at="2020-12-29T11:18:39Z" duration-ms="30880" status="PASS">
          <reporter-output>
          </reporter-output>
        </test-method> <!-- addcart -->
        <test-method is-config="true" signature="afterSuite()[pri:0, instance:test.AddcartTest@52e6fdee]" started-at="2020-12-29T11:18:43Z" name="afterSuite" finished-at="2020-12-29T11:18:53Z" duration-ms="10438" status="PASS">
          <reporter-output>
          </reporter-output>
        </test-method> <!-- afterSuite -->
      </class> <!-- test.AddcartTest -->
    </test> <!-- Default test -->
  </suite> <!-- Default suite -->
</testng-results>
