<?xml version="1.0" encoding="UTF-8"?>
<!-- Generated by org.testng.reporters.JUnitXMLReporter -->
<testsuite ignored="0" hostname="LENOVO" failures="0" tests="5" name="Default test" time="44.622" errors="0" timestamp="21 Sep 2020 07:29:59 GMT">
  <testcase classname="project_3.Guru99" name="login" time="7.807"/>
  <testcase classname="project_3.Guru99" name="addCustomer" time="13.954"/>
  <testcase classname="project_3.Guru99" name="account" time="11.302"/>
  <testcase classname="project_3.Guru99" name="deposit" time="5.723"/>
  <testcase classname="project_3.Guru99" name="customizedstatement" time="5.732"/>
</testsuite> <!-- Default test -->
