<?xml version="1.0" encoding="UTF-8"?>
<testng-results ignored="0" total="1" passed="1" failed="0" skipped="0">
  <reporter-output>
  </reporter-output>
  <suite started-at="2020-11-03T06:04:11Z" name="Default suite" finished-at="2020-11-03T06:04:29Z" duration-ms="17386">
    <groups>
    </groups>
    <test started-at="2020-11-03T06:04:11Z" name="Default test" finished-at="2020-11-03T06:04:29Z" duration-ms="17386">
      <class name="test.FlightTest">
        <test-method is-config="true" signature="intialize()[pri:0, instance:test.FlightTest@14dd9eb7]" started-at="2020-11-03T11:33:51Z" name="intialize" finished-at="2020-11-03T11:34:11Z" duration-ms="20226" status="PASS">
          <reporter-output>
          </reporter-output>
        </test-method> <!-- intialize -->
        <test-method signature="flight()[pri:0, instance:test.FlightTest@14dd9eb7]" started-at="2020-11-03T11:34:12Z" name="flight" finished-at="2020-11-03T11:34:29Z" duration-ms="16331" status="PASS">
          <reporter-output>
          </reporter-output>
        </test-method> <!-- flight -->
        <test-method is-config="true" signature="afterSuite()[pri:0, instance:test.FlightTest@14dd9eb7]" started-at="2020-11-03T11:34:29Z" name="afterSuite" finished-at="2020-11-03T11:34:32Z" duration-ms="2317" status="PASS">
          <reporter-output>
          </reporter-output>
        </test-method> <!-- afterSuite -->
      </class> <!-- test.FlightTest -->
    </test> <!-- Default test -->
  </suite> <!-- Default suite -->
</testng-results>
