<?xml version="1.0" encoding="UTF-8"?>
<testng-results ignored="0" total="5" passed="5" failed="0" skipped="0">
  <reporter-output>
  </reporter-output>
  <suite started-at="2020-09-21T07:29:15Z" name="Default suite" finished-at="2020-09-21T07:29:59Z" duration-ms="44622">
    <groups>
    </groups>
    <test started-at="2020-09-21T07:29:15Z" name="Default test" finished-at="2020-09-21T07:29:59Z" duration-ms="44622">
      <class name="project_3.Guru99">
        <test-method is-config="true" signature="beforeSuite()[pri:0, instance:project_3.Guru99@4a94ee4]" started-at="2020-09-21T12:58:52Z" name="beforeSuite" finished-at="2020-09-21T12:59:15Z" duration-ms="22944" status="PASS">
          <reporter-output>
          </reporter-output>
        </test-method> <!-- beforeSuite -->
        <test-method signature="login()[pri:0, instance:project_3.Guru99@4a94ee4]" started-at="2020-09-21T12:59:15Z" name="login" finished-at="2020-09-21T12:59:22Z" duration-ms="7807" status="PASS">
          <reporter-output>
          </reporter-output>
        </test-method> <!-- login -->
        <test-method signature="addCustomer()[pri:0, instance:project_3.Guru99@4a94ee4]" started-at="2020-09-21T12:59:22Z" name="addCustomer" finished-at="2020-09-21T12:59:36Z" depends-on-methods="project_3.Guru99.login" duration-ms="13954" status="PASS">
          <reporter-output>
          </reporter-output>
        </test-method> <!-- addCustomer -->
        <test-method signature="account()[pri:0, instance:project_3.Guru99@4a94ee4]" started-at="2020-09-21T12:59:36Z" name="account" finished-at="2020-09-21T12:59:48Z" depends-on-methods="project_3.Guru99.addCustomer" duration-ms="11302" status="PASS">
          <reporter-output>
          </reporter-output>
        </test-method> <!-- account -->
        <test-method signature="deposit()[pri:0, instance:project_3.Guru99@4a94ee4]" started-at="2020-09-21T12:59:48Z" name="deposit" finished-at="2020-09-21T12:59:53Z" depends-on-methods="project_3.Guru99.account" duration-ms="5723" status="PASS">
          <reporter-output>
          </reporter-output>
        </test-method> <!-- deposit -->
        <test-method signature="customizedstatement()[pri:0, instance:project_3.Guru99@4a94ee4]" started-at="2020-09-21T12:59:53Z" name="customizedstatement" finished-at="2020-09-21T12:59:59Z" depends-on-methods="project_3.Guru99.deposit" duration-ms="5732" status="PASS">
          <reporter-output>
          </reporter-output>
        </test-method> <!-- customizedstatement -->
      </class> <!-- project_3.Guru99 -->
    </test> <!-- Default test -->
  </suite> <!-- Default suite -->
</testng-results>
