<?xml version="1.0" encoding="UTF-8"?>
<testng-results ignored="0" total="3" passed="3" failed="0" skipped="0">
  <reporter-output>
  </reporter-output>
  <suite started-at="2020-11-27T05:27:33Z" name="Default suite" finished-at="2020-11-27T05:27:34Z" duration-ms="57">
    <groups>
    </groups>
    <test started-at="2020-11-27T05:27:33Z" name="Default test" finished-at="2020-11-27T05:27:34Z" duration-ms="57">
      <class name="package1.DataProviders">
        <test-method signature="f(java.lang.Integer, java.lang.String)[pri:0, instance:package1.DataProviders@15eb5ee5]" started-at="2020-11-27T10:57:33Z" name="f" data-provider="dp" finished-at="2020-11-27T10:57:33Z" duration-ms="12" status="PASS">
          <params>
            <param index="0">
              <value>
                <![CDATA[101]]>
              </value>
            </param>
            <param index="1">
              <value>
                <![CDATA[oshin]]>
              </value>
            </param>
          </params>
          <reporter-output>
          </reporter-output>
        </test-method> <!-- f -->
        <test-method signature="f(java.lang.Integer, java.lang.String)[pri:0, instance:package1.DataProviders@15eb5ee5]" started-at="2020-11-27T10:57:34Z" name="f" data-provider="dp" finished-at="2020-11-27T10:57:34Z" duration-ms="3" status="PASS">
          <params>
            <param index="0">
              <value>
                <![CDATA[123]]>
              </value>
            </param>
            <param index="1">
              <value>
                <![CDATA[manu]]>
              </value>
            </param>
          </params>
          <reporter-output>
          </reporter-output>
        </test-method> <!-- f -->
        <test-method signature="f(java.lang.Integer, java.lang.String)[pri:0, instance:package1.DataProviders@15eb5ee5]" started-at="2020-11-27T10:57:34Z" name="f" data-provider="dp" finished-at="2020-11-27T10:57:34Z" duration-ms="2" status="PASS">
          <params>
            <param index="0">
              <value>
                <![CDATA[567]]>
              </value>
            </param>
            <param index="1">
              <value>
                <![CDATA[sonu]]>
              </value>
            </param>
          </params>
          <reporter-output>
          </reporter-output>
        </test-method> <!-- f -->
      </class> <!-- package1.DataProviders -->
    </test> <!-- Default test -->
  </suite> <!-- Default suite -->
</testng-results>
